<?xml version="1.0" encoding="UTF-8"?>
<testng-results ignored="0" total="1" passed="1" failed="0" skipped="0">
  <reporter-output>
  </reporter-output>
  <suite started-at="2023-08-04T14:00:51 IST" name="Default suite" finished-at="2023-08-04T14:01:10 IST" duration-ms="19026">
    <groups>
    </groups>
    <test started-at="2023-08-04T14:00:51 IST" name="Default test" finished-at="2023-08-04T14:01:10 IST" duration-ms="19026">
      <class name="rahulshettyacademy.ExtentReports.ExtentReportDemo">
        <test-method is-config="true" signature="config()[pri:0, instance:rahulshettyacademy.ExtentReports.ExtentReportDemo@65fb9ffc]" started-at="2023-08-04T14:00:51 IST" name="config" finished-at="2023-08-04T14:00:52 IST" duration-ms="965" status="PASS">
          <reporter-output>
          </reporter-output>
        </test-method> <!-- config -->
        <test-method signature="InitialDemo()[pri:0, instance:rahulshettyacademy.ExtentReports.ExtentReportDemo@65fb9ffc]" started-at="2023-08-04T14:00:52 IST" name="InitialDemo" finished-at="2023-08-04T14:01:10 IST" duration-ms="17955" status="PASS">
          <reporter-output>
          </reporter-output>
        </test-method> <!-- InitialDemo -->
      </class> <!-- rahulshettyacademy.ExtentReports.ExtentReportDemo -->
    </test> <!-- Default test -->
  </suite> <!-- Default suite -->
</testng-results>
